#
# A fatal error has been detected by the Java Runtime Environment:
#
#  Internal Error (javaClasses.cpp:136), pid=12388, tid=7704
#  fatal error: Invalid layout of preloaded class
#
# JRE version:  (7.0_51-b13) (build )
# Java VM: Java HotSpot(TM) Client VM (24.51-b03 mixed mode windows-x86 )
# Failed to write core dump. Minidumps are not enabled by default on client versions of Windows
#
# If you would like to submit a bug report, please visit:
#   http://bugreport.sun.com/bugreport/crash.jsp
#

---------------  T H R E A D  ---------------

Current thread (0x0093c000):  JavaThread "Unknown thread" [_thread_in_vm, id=7704, stack(0x02180000,0x021d0000)]

Stack: [0x02180000,0x021d0000],  sp=0x021cf61c,  free space=317k
Native frames: (J=compiled Java code, j=interpreted, Vv=VM code, C=native code)
V  [jvm.dll+0x18e0f1]
V  [jvm.dll+0x187e66]
V  [jvm.dll+0x3586a]
V  [jvm.dll+0x358f6]
V  [jvm.dll+0x4400d]
V  [jvm.dll+0x442be]
V  [jvm.dll+0x9263a]
V  [jvm.dll+0x929eb]
V  [jvm.dll+0x13dc51]
V  [jvm.dll+0x16076c]
V  [jvm.dll+0xc8ebf]
C  [javaw.exe+0x13ce]
C  [javaw.exe+0x1e40]
C  [javaw.exe+0xa5b1]
C  [javaw.exe+0xa63b]
C  [KERNEL32.DLL+0x1495d]
C  [ntdll.dll+0x498ee]
C  [ntdll.dll+0x498c4]


---------------  P R O C E S S  ---------------

Java Threads: ( => current thread )

Other Threads:

=>0x0093c000 (exited) JavaThread "Unknown thread" [_thread_in_vm, id=7704, stack(0x02180000,0x021d0000)]

VM state:not at safepoint (not fully initialized)

VM Mutex/Monitor currently owned by a thread: None

GC Heap History (0 events):
No events

Deoptimization events (0 events):
No events

Internal exceptions (0 events):
No events

Events (10 events):
Event: 0.008 loading class 0x022fb0e8 done
Event: 0.009 loading class 0x022fab78 done
Event: 0.009 loading class 0x022fab58
Event: 0.009 loading class 0x02301e80
Event: 0.009 loading class 0x02301e80 done
Event: 0.009 loading class 0x02301eb0
Event: 0.009 loading class 0x02301eb0 done
Event: 0.009 loading class 0x02301ee0
Event: 0.009 loading class 0x02301ee0 done
Event: 0.009 loading class 0x022fab58 done


Dynamic libraries:
0x00080000 - 0x000af000 	C:\Program Files (x86)\Java\jre7\bin\javaw.exe
0x76f00000 - 0x77068000 	C:\WINDOWS\SYSTEM32\ntdll.dll
0x766e0000 - 0x76820000 	C:\WINDOWS\SYSTEM32\KERNEL32.DLL
0x76d60000 - 0x76e2f000 	C:\WINDOWS\SYSTEM32\KERNELBASE.dll
0x73600000 - 0x7369a000 	C:\WINDOWS\system32\apphelp.dll
0x6c6a0000 - 0x6c8f3000 	C:\WINDOWS\AppPatch\AcGenral.DLL
0x76310000 - 0x763ce000 	C:\WINDOWS\SYSTEM32\msvcrt.dll
0x76c20000 - 0x76c5e000 	C:\WINDOWS\SYSTEM32\sechost.dll
0x74930000 - 0x7494d000 	C:\WINDOWS\SYSTEM32\SspiCli.dll
0x76820000 - 0x76861000 	C:\WINDOWS\SYSTEM32\SHLWAPI.dll
0x73c40000 - 0x73d1c000 	C:\WINDOWS\SYSTEM32\UxTheme.dll
0x769c0000 - 0x76b0f000 	C:\WINDOWS\SYSTEM32\USER32.dll
0x76200000 - 0x76308000 	C:\WINDOWS\SYSTEM32\GDI32.dll
0x74000000 - 0x74020000 	C:\WINDOWS\SYSTEM32\WINMM.dll
0x740c0000 - 0x740d2000 	C:\WINDOWS\SYSTEM32\samcli.dll
0x75d60000 - 0x75e6b000 	C:\WINDOWS\SYSTEM32\ole32.dll
0x76170000 - 0x761f7000 	C:\WINDOWS\SYSTEM32\OLEAUT32.dll
0x73440000 - 0x73455000 	C:\WINDOWS\SYSTEM32\MSACM32.dll
0x748b0000 - 0x748b8000 	C:\WINDOWS\SYSTEM32\VERSION.dll
0x74bb0000 - 0x75d53000 	C:\WINDOWS\SYSTEM32\SHELL32.dll
0x740e0000 - 0x740f9000 	C:\WINDOWS\SYSTEM32\USERENV.dll
0x73c20000 - 0x73c39000 	C:\WINDOWS\SYSTEM32\dwmapi.dll
0x6e970000 - 0x6ea95000 	C:\WINDOWS\SYSTEM32\urlmon.dll
0x760f0000 - 0x76167000 	C:\WINDOWS\SYSTEM32\ADVAPI32.dll
0x74850000 - 0x748ae000 	C:\WINDOWS\SYSTEM32\WINSPOOL.DRV
0x738a0000 - 0x738b4000 	C:\WINDOWS\SYSTEM32\MPR.dll
0x74af0000 - 0x74ba1000 	C:\WINDOWS\SYSTEM32\RPCRT4.dll
0x74920000 - 0x74929000 	C:\WINDOWS\SYSTEM32\CRYPTBASE.dll
0x76870000 - 0x769be000 	C:\WINDOWS\SYSTEM32\combase.dll
0x73de0000 - 0x73e00000 	C:\WINDOWS\SYSTEM32\WINMMBASE.dll
0x73e00000 - 0x73e0e000 	C:\WINDOWS\SYSTEM32\profapi.dll
0x6e750000 - 0x6e965000 	C:\WINDOWS\SYSTEM32\iertutil.dll
0x6e580000 - 0x6e744000 	C:\WINDOWS\SYSTEM32\WININET.dll
0x748c0000 - 0x74911000 	C:\WINDOWS\SYSTEM32\bcryptPrimitives.dll
0x764f0000 - 0x7652a000 	C:\WINDOWS\SYSTEM32\cfgmgr32.dll
0x74810000 - 0x7482f000 	C:\WINDOWS\SYSTEM32\DEVOBJ.dll
0x73d60000 - 0x73dd7000 	C:\WINDOWS\SYSTEM32\SHCORE.DLL
0x75e70000 - 0x75e95000 	C:\WINDOWS\system32\IMM32.DLL
0x75ea0000 - 0x75f97000 	C:\WINDOWS\SYSTEM32\MSCTF.dll
0x73e10000 - 0x73ff5000 	C:\WINDOWS\WinSxS\x86_microsoft.windows.common-controls_6595b64144ccf1df_6.0.9600.16384_none_a9f4965301334e09\COMCTL32.dll
0x6ce00000 - 0x6cebf000 	C:\Program Files (x86)\Java\jre7\bin\msvcr100.dll
0x6ca20000 - 0x6cda0000 	C:\Program Files (x86)\Java\jre7\bin\client\jvm.dll
0x6ded0000 - 0x6ded8000 	C:\WINDOWS\SYSTEM32\WSOCK32.dll
0x76b10000 - 0x76b16000 	C:\WINDOWS\SYSTEM32\PSAPI.DLL
0x76b20000 - 0x76b6d000 	C:\WINDOWS\SYSTEM32\WS2_32.dll
0x74950000 - 0x74957000 	C:\WINDOWS\SYSTEM32\NSI.dll
0x6ca10000 - 0x6ca1c000 	C:\Program Files (x86)\Java\jre7\bin\verify.dll
0x6c9f0000 - 0x6ca10000 	C:\Program Files (x86)\Java\jre7\bin\java.dll
0x6c9d0000 - 0x6c9e3000 	C:\Program Files (x86)\Java\jre7\bin\zip.dll
0x6bff0000 - 0x6c138000 	C:\WINDOWS\SYSTEM32\dbghelp.dll

VM Arguments:
jvm_args: -Dfile.encoding=Cp1252 -Xbootclasspath:C:\Users\imustafa\Downloads\adt-bundle-windows-x86-20131030\adt-bundle-windows-x86-20131030\sdk\platforms\android-19\android.jar 
java_command: com.example.colorconverter.MainActivity
Launcher Type: SUN_STANDARD

Environment Variables:
JAVA_HOME=C:\Program Files\Java\jdk1.7.0_51
CLASSPATH=.;C:\Program Files (x86)\Java\jre7\lib\ext\QTJava.zip
PATH=C:/Program Files (x86)/Java/jre7/bin/client;C:/Program Files (x86)/Java/jre7/bin;C:/Program Files (x86)/Java/jre7/lib/i386;C:\Dev\apache-maven-3.1.1\bin ;C:\Program Files (x86)\Intel\iCLS Client\;C:\Program Files\Intel\iCLS Client\;C:\WINDOWS\system32;C:\WINDOWS;C:\WINDOWS\System32\Wbem;C:\WINDOWS\System32\WindowsPowerShell\v1.0\;C:\Program Files\Intel\Intel(R) Management Engine Components\DAL;C:\Program Files\Intel\Intel(R) Management Engine Components\IPT;C:\Program Files (x86)\Intel\Intel(R) Management Engine Components\DAL;C:\Program Files (x86)\Intel\Intel(R) Management Engine Components\IPT;C:\Program Files (x86)\Intel\OpenCL SDK\2.0\bin\x86;C:\Program Files (x86)\Intel\OpenCL SDK\2.0\bin\x64;C:\Program Files\ThinkPad\Bluetooth Software\;C:\Program Files\ThinkPad\Bluetooth Software\syswow64;C:\ProgramData\Lenovo\ReadyApps;C:\Program Files\Intel\WiFi\bin\;C:\Program Files\Common Files\Intel\WirelessCommon\;C:\Program Files (x86)\QuickTime\QTSystem\;C:\Program Files (x86)\MySQL\MySQL Utilities 1.3.5\;C:\Users\imustafa\Downloads\eclipse-jee-kepler-SR1-win32\eclipse;;.;
USERNAME=imustafa
OS=Windows_NT
PROCESSOR_IDENTIFIER=Intel64 Family 6 Model 58 Stepping 9, GenuineIntel



---------------  S Y S T E M  ---------------

OS: Windows 8 , 64 bit Build 9200 

CPU:total 8 (4 cores per cpu, 2 threads per core) family 6 model 58 stepping 9, cmov, cx8, fxsr, mmx, sse, sse2, sse3, ssse3, sse4.1, sse4.2, popcnt, avx, aes, erms, ht, tsc, tscinvbit, tscinv

Memory: 4k page, physical 8203100k(1488100k free), swap 10952240k(1846664k free)

vm_info: Java HotSpot(TM) Client VM (24.51-b03) for windows-x86 JRE (1.7.0_51-b13), built on Dec 18 2013 19:09:58 by "java_re" with unknown MS VC++:1600

time: Mon Feb 10 11:11:35 2014
elapsed time: 0 seconds

